2018-05-18 17:03:26其他其他
2018-05-19 08:45:00其他其他
2018-05-19 08:53:03其他其他
2018-05-19 08:53:06其他其他
2018-05-19 08:53:15其他其他
2018-05-19 08:56:13baidu
2018-05-19 09:14:44baidu
2018-05-19 09:17:35baidu
2018-05-19 09:18:26baidu
2018-05-19 09:19:22baidu
2018-05-19 02:52:06https://www.baidu.com/link?url=DL7x-k0F2ss00rjQPCR_xTKALmZl0psdS5omrWDLpBK&wd=&eqid=8461183e0000a2dc000000045aff9157
2018-05-19 02:53:09https://www.baidu.com/link?url=DL7x-k0F2ss00rjQPCR_xTKALmZl0psdS5omrWDLpBK&wd=&eqid=8461183e0000a2dc000000045aff9157
2018-05-19 02:53:11https://www.baidu.com/link?url=DL7x-k0F2ss00rjQPCR_xTKALmZl0psdS5omrWDLpBK&wd=&eqid=8461183e0000a2dc000000045aff9157
2018-05-19 02:53:37https://www.baidu.com/link?url=DL7x-k0F2ss00rjQPCR_xTKALmZl0psdS5omrWDLpBK&wd=&eqid=8461183e0000a2dc000000045aff9157
2018-05-19 02:53:44https://www.baidu.com/link?url=20q1X-_uYQv8N7cFIKYS5Tcq3YWMciTf7OPh_X0UgQW&wd=&eqid=aff839bd0000ac95000000045aff91b9
2018-05-19 02:55:04https://www.baidu.com/link?url=20q1X-_uYQv8N7cFIKYS5Tcq3YWMciTf7OPh_X0UgQW&wd=&eqid=aff839bd0000ac95000000045aff91b9
2018-05-19 02:55:09http://www.163.com/
2018-05-19 02:55:10http://www.163.com/index.php/Home/Index/step2/id/2.html
2018-05-19 02:55:23https://www.baidu.com/link?url=20q1X-_uYQv8N7cFIKYS5Tcq3YWMciTf7OPh_X0UgQW&wd=&eqid=aff839bd0000ac95000000045aff91b9
2018-05-19 02:56:28https://www.baidu.com/link?url=20q1X-_uYQv8N7cFIKYS5Tcq3YWMciTf7OPh_X0UgQW&wd=&eqid=aff839bd0000ac95000000045aff91b9
2018-05-19 02:56:35https://www.baidu.com/link?url=wYLxI2xqPCQ151LSueHqObiv4LzVvytSTyL-Itd4xVi&wd=&eqid=95620b7d0000a988000000045aff9264
2018-05-19 02:57:58https://www.baidu.com/link?url=Wk6EgQG0SRzreVrfr1RlIUttV619wNHhTr_O51WYMGm&wd=&eqid=8758ef8a0000b765000000045aff92b7
2018-05-19 02:58:48https://www.baidu.com/link?url=Wk6EgQG0SRzreVrfr1RlIUttV619wNHhTr_O51WYMGm&wd=&eqid=8758ef8a0000b765000000045aff92b7
2018-05-19 02:58:59https://www.baidu.com/link?url=Wk6EgQG0SRzreVrfr1RlIUttV619wNHhTr_O51WYMGm&wd=&eqid=8758ef8a0000b765000000045aff92b7
2018-05-19 02:59:03https://www.baidu.com/link?url=c7iF3mrtpoCjuWPYAFjP9TBBJ19_eyjmRMmM9Q9ceta&wd=&eqid=d609cc090000c701000000045aff92f8
2018-05-19 02:59:23https://www.baidu.com/link?url=c7iF3mrtpoCjuWPYAFjP9TBBJ19_eyjmRMmM9Q9ceta&wd=&eqid=d609cc090000c701000000045aff92f8
2018-05-19 02:59:31http://www.163.com/
2018-05-19 02:59:32http://www.163.com/index.php/Home/Index/step2/id/2.html
2018-05-19 02:59:34http://www.163.com/index.php/Home/Index/step2/id/2.html
